<?xml version="1.0" encoding="UTF-8"?>
<!-- Generated by org.testng.reporters.JUnitReportReporter -->
<testsuite hostname="haritj-5CG5070MJN" failures="0" tests="1" name="com.seleniumcounteasemytrip.EaseMytripRadiobuttonsCount" time="14.859" errors="0" timestamp="2025-07-28T10:38:59 IST" skipped="0">
  <testcase classname="com.seleniumcounteasemytrip.EaseMytripRadiobuttonsCount" name="selectAndCountRadioButtons" time="14.859"/>
</testsuite> <!-- com.seleniumcounteasemytrip.EaseMytripRadiobuttonsCount -->
