<?xml version="1.0" encoding="UTF-8"?>
<!-- Generated by org.testng.reporters.JUnitReportReporter -->
<testsuite hostname="haritj-5CG5070MJN" failures="0" tests="1" name="com.seleniumradiobuttons.FaceBookLocators" time="17.278" errors="0" timestamp="2025-07-28T10:20:41 IST" skipped="0">
  <testcase classname="com.seleniumradiobuttons.FaceBookLocators" name="TestRadioBtn" time="17.278"/>
</testsuite> <!-- com.seleniumradiobuttons.FaceBookLocators -->
