<?xml version="1.0" encoding="UTF-8"?>
<!-- Generated by org.testng.reporters.JUnitReportReporter -->
<testsuite hostname="haritj-5CG5070MJN" failures="0" tests="1" name="com.DropDownBoxes.FacebookMonthList1" time="10.497" errors="0" timestamp="2025-07-25T15:37:57 IST" skipped="0">
  <testcase classname="com.DropDownBoxes.FacebookMonthList1" name="FacebookMonth" time="10.497"/>
</testsuite> <!-- com.DropDownBoxes.FacebookMonthList1 -->
