<?xml version="1.0" encoding="UTF-8"?>
<!-- Generated by org.testng.reporters.JUnitReportReporter -->
<testsuite hostname="haritj-5CG5070MJN" failures="0" tests="1" name="com.DropDownBoxes.Facebook" time="22.038" errors="0" timestamp="2025-07-25T15:21:48 IST" skipped="0">
  <testcase classname="com.DropDownBoxes.Facebook" name="FBlaunch" time="22.038"/>
</testsuite> <!-- com.DropDownBoxes.Facebook -->
