<?xml version="1.0" encoding="UTF-8"?>
<!-- Generated by org.testng.reporters.JUnitReportReporter -->
<testsuite hostname="haritj-5CG5070MJN" failures="0" tests="1" name="com.HandlingAlerts.DemoAlerts" time="18.339" errors="0" timestamp="2025-07-25T17:26:47 IST" skipped="0">
  <testcase classname="com.HandlingAlerts.DemoAlerts" name="TestPopups" time="18.339"/>
</testsuite> <!-- com.HandlingAlerts.DemoAlerts -->
