<?xml version="1.0" encoding="UTF-8"?>
<!-- Generated by org.testng.reporters.JUnitReportReporter -->
<testsuite hostname="haritj-5CG5070MJN" failures="0" tests="1" name="com.HandlingAlerts.AlertPopups" time="30.489" errors="0" timestamp="2025-07-25T17:02:13 IST" skipped="0">
  <testcase classname="com.HandlingAlerts.AlertPopups" name="TestPopups" time="30.489"/>
</testsuite> <!-- com.HandlingAlerts.AlertPopups -->
