<?xml version="1.0" encoding="UTF-8"?>
<!-- Generated by org.testng.reporters.JUnitReportReporter -->
<testsuite hostname="haritj-5CG5070MJN" failures="0" tests="1" name="screenshotDemo.TestScreenshot" time="12.487" errors="0" timestamp="2025-07-28T14:59:54 IST" skipped="0">
  <testcase classname="screenshotDemo.TestScreenshot" name="Browser" time="12.487"/>
</testsuite> <!-- screenshotDemo.TestScreenshot -->
