<?xml version="1.0" encoding="UTF-8"?>
<!-- Generated by org.testng.reporters.JUnitReportReporter -->
<testsuite hostname="haritj-5CG5070MJN" failures="0" tests="1" name="HandlingScroll.TestScrollBy1" time="14.356" errors="0" timestamp="2025-07-28T14:47:11 IST" skipped="0">
  <testcase classname="HandlingScroll.TestScrollBy1" name="Test" time="14.356"/>
</testsuite> <!-- HandlingScroll.TestScrollBy1 -->
