<?xml version="1.0" encoding="UTF-8"?>
<!-- Generated by org.testng.reporters.JUnitReportReporter -->
<testsuite hostname="haritj-5CG5070MJN" failures="0" tests="1" name="com.seleniumlocators.LinkTextandPartialLinkText" time="24.163" errors="0" timestamp="2025-07-25T14:54:39 IST" skipped="0">
  <testcase classname="com.seleniumlocators.LinkTextandPartialLinkText" name="linkTest" time="24.163"/>
</testsuite> <!-- com.seleniumlocators.LinkTextandPartialLinkText -->
