<?xml version="1.0" encoding="UTF-8"?>
<!-- Generated by org.testng.reporters.JUnitReportReporter -->
<testsuite hostname="haritj-5CG5070MJN" failures="0" tests="1" name="com.locatorsdemo.LocatorsDemoID" time="14.306" errors="0" timestamp="2025-07-25T12:26:02 IST" skipped="0">
  <testcase classname="com.locatorsdemo.LocatorsDemoID" name="DemoTestID" time="14.306"/>
</testsuite> <!-- com.locatorsdemo.LocatorsDemoID -->
